2026-02-16 21:11:45  INFO      [MAIN]  ============================================================
2026-02-16 21:11:45  INFO      [MAIN]  ============================================================
2026-02-16 21:11:45  INFO      [MAIN]  🤖  ICT Trading Bot Starting...
2026-02-16 21:11:45  INFO      [MAIN]  🤖  ICT Trading Bot Starting...
2026-02-16 21:11:45  INFO      [MAIN]  🕐  2026-02-16 21:11:45
2026-02-16 21:11:45  INFO      [MAIN]  🕐  2026-02-16 21:11:45
2026-02-16 21:11:45  INFO      [MAIN]  ============================================================
2026-02-16 21:11:45  INFO      [MAIN]  ============================================================
2026-02-16 21:11:45  INFO      [MAIN]  ✅  Config loaded | Pairs: ['EURUSD', 'GBPUSD', 'US30', 'NAS100', 'XAUUSD']
2026-02-16 21:11:45  INFO      [MAIN]  ✅  Config loaded | Pairs: ['EURUSD', 'GBPUSD', 'US30', 'NAS100', 'XAUUSD']
2026-02-16 21:11:45  INFO      [MAIN]  🚀  All systems running. Bot is live.

2026-02-16 21:11:45  INFO      [MAIN]  🚀  All systems running. Bot is live.

2026-02-16 21:11:45  INFO      [ENGINE]  🔌  Connecting to MT5...
2026-02-16 21:11:45  INFO      [MT5]  Connecting to MT5 (attempt 1/5)...
2026-02-16 21:11:56  WARNING   [MT5]  Connection failed: (-10005, 'IPC timeout'). Retrying in 3s...
2026-02-16 21:11:59  INFO      [MT5]  Connecting to MT5 (attempt 2/5)...
2026-02-16 21:12:10  WARNING   [MT5]  Connection failed: (-10005, 'IPC timeout'). Retrying in 3s...
2026-02-16 21:12:13  INFO      [MT5]  Connecting to MT5 (attempt 3/5)...
2026-02-16 21:12:24  WARNING   [MT5]  Connection failed: (-10005, 'IPC timeout'). Retrying in 3s...
2026-02-16 21:12:27  INFO      [MT5]  Connecting to MT5 (attempt 4/5)...
2026-02-16 21:12:38  WARNING   [MT5]  Connection failed: (-10005, 'IPC timeout'). Retrying in 3s...
2026-02-16 21:12:41  INFO      [MT5]  Connecting to MT5 (attempt 5/5)...
2026-02-16 21:12:52  WARNING   [MT5]  Connection failed: (-10005, 'IPC timeout'). Retrying in 3s...
2026-02-16 21:12:55  ERROR     [MT5]  ❌  Could not connect to MT5 after max retries.
2026-02-16 21:12:55  CRITICAL  [ENGINE]  ❌  MT5 connection failed. Exiting.
2026-02-16 21:12:55  WARNING   [MT5]  MT5 disconnected — attempting reconnect...
2026-02-16 21:12:55  INFO      [MT5]  Connecting to MT5 (attempt 1/5)...
2026-02-16 21:13:05  WARNING   [MT5]  Connection failed: (-10005, 'IPC timeout'). Retrying in 3s...
2026-02-16 21:13:08  INFO      [MT5]  Connecting to MT5 (attempt 2/5)...
2026-02-16 21:13:19  WARNING   [MT5]  Connection failed: (-10005, 'IPC timeout'). Retrying in 3s...
2026-02-16 21:13:22  INFO      [MT5]  Connecting to MT5 (attempt 3/5)...
2026-02-16 21:13:33  WARNING   [MT5]  Connection failed: (-10005, 'IPC timeout'). Retrying in 3s...
2026-02-16 21:13:36  INFO      [MT5]  Connecting to MT5 (attempt 4/5)...
2026-02-16 21:13:47  WARNING   [MT5]  Connection failed: (-10005, 'IPC timeout'). Retrying in 3s...
2026-02-16 21:13:50  INFO      [MT5]  Connecting to MT5 (attempt 5/5)...
2026-02-16 21:14:01  WARNING   [MT5]  Connection failed: (-10005, 'IPC timeout'). Retrying in 3s...
2026-02-16 21:14:04  ERROR     [MT5]  ❌  Could not connect to MT5 after max retries.
2026-02-16 21:14:04  WARNING   [MT5]  MT5 disconnected — attempting reconnect...
2026-02-16 21:14:04  INFO      [MT5]  Connecting to MT5 (attempt 1/5)...
2026-02-16 21:14:15  WARNING   [MT5]  Connection failed: (-10005, 'IPC timeout'). Retrying in 3s...
2026-02-16 21:14:18  INFO      [MT5]  Connecting to MT5 (attempt 2/5)...
2026-02-16 21:14:29  WARNING   [MT5]  Connection failed: (-10005, 'IPC timeout'). Retrying in 3s...
2026-02-16 21:14:32  INFO      [MT5]  Connecting to MT5 (attempt 3/5)...
2026-02-16 21:14:43  WARNING   [MT5]  Connection failed: (-10005, 'IPC timeout'). Retrying in 3s...
2026-02-16 21:14:46  INFO      [MT5]  Connecting to MT5 (attempt 4/5)...
2026-02-16 21:14:57  WARNING   [MT5]  Connection failed: (-10005, 'IPC timeout'). Retrying in 3s...
2026-02-16 21:15:00  INFO      [MT5]  Connecting to MT5 (attempt 5/5)...
2026-02-16 21:15:11  WARNING   [MT5]  Connection failed: (-10005, 'IPC timeout'). Retrying in 3s...
2026-02-16 21:15:14  ERROR     [MT5]  ❌  Could not connect to MT5 after max retries.
2026-02-16 21:15:14  INFO      [MAIN]  🛑  Shutting down...
2026-02-16 21:15:14  INFO      [MAIN]  🛑  Shutting down...
